2026-06-29 19:48:31 - [INFO] - Arrancando el pipeline ETL unificado de la plataforma...
2026-06-29 19:48:31 - [INFO] - Extrayendo datos de comportamiento desde data/usuarios_streaming.csv...
2026-06-29 19:48:31 - [INFO] - Conectando al motor PostgreSQL 'crm_clientes'...
2026-06-29 19:48:31 - [CRITICAL] - El Pipeline ETL se ha detenido por un fallo catastrﾃｳfico: No module named 'psycopg2'
2026-06-29 19:51:46 - [INFO] - Arrancando el pipeline ETL unificado de la plataforma...
2026-06-29 19:51:46 - [INFO] - Extrayendo datos de comportamiento desde data/usuarios_streaming.csv...
2026-06-29 19:51:46 - [INFO] - Conectando al motor PostgreSQL 'crm_clientes'...
2026-06-29 19:51:46 - [CRITICAL] - El Pipeline ETL se ha detenido por un fallo catastrﾃｳfico: No module named 'psycopg2'
2026-06-29 19:54:02 - [INFO] - Arrancando el pipeline ETL unificado de la plataforma...
2026-06-29 19:54:02 - [INFO] - Extrayendo datos de comportamiento desde data/usuarios_streaming.csv...
2026-06-29 19:54:02 - [INFO] - Conectando al motor PostgreSQL 'crm_clientes'...
2026-06-29 19:54:02 - [CRITICAL] - El Pipeline ETL se ha detenido por un fallo catastrﾃｳfico: Execution failed on sql 'SELECT * FROM perfil_usuarios': (psycopg2.errors.UndefinedTable) relation "perfil_usuarios" does not exist
LINE 1: SELECT * FROM perfil_usuarios
                      ^

[SQL: SELECT * FROM perfil_usuarios]
(Background on this error at: https://sqlalche.me/e/20/f405)
2026-06-29 20:04:05 - [INFO] - Arrancando el pipeline ETL unificado de la plataforma...
2026-06-29 20:04:05 - [INFO] - Extrayendo datos de comportamiento desde data/usuarios_streaming.csv...
2026-06-29 20:04:05 - [INFO] - Conectando al motor PostgreSQL 'crm_clientes'...
2026-06-29 20:04:05 - [CRITICAL] - El Pipeline ETL se ha detenido por un fallo catastrﾃｳfico: Execution failed on sql 'SELECT * FROM perfil_cliente': (psycopg2.errors.UndefinedTable) relation "perfil_cliente" does not exist
LINE 1: SELECT * FROM perfil_cliente
                      ^

[SQL: SELECT * FROM perfil_cliente]
(Background on this error at: https://sqlalche.me/e/20/f405)
2026-06-29 20:06:37 - [INFO] - Arrancando el pipeline ETL unificado de la plataforma...
2026-06-29 20:06:37 - [INFO] - Extrayendo datos de comportamiento desde data/usuarios_streaming.csv...
2026-06-29 20:06:37 - [INFO] - Conectando al motor PostgreSQL 'crm_clientes'...
2026-06-29 20:06:41 - [CRITICAL] - El Pipeline ETL se ha detenido por un fallo catastrﾃｳfico: (psycopg2.OperationalError) could not translate host name "postgres" to address: Name or service not known

(Background on this error at: https://sqlalche.me/e/20/e3q8)
2026-06-29 20:11:51 - [INFO] - Arrancando el pipeline ETL unificado de la plataforma...
2026-06-29 20:11:51 - [INFO] - Extrayendo datos de comportamiento desde data/usuarios_streaming.csv...
2026-06-29 20:11:51 - [INFO] - Conectando al motor PostgreSQL 'crm_clientes'...
2026-06-29 20:11:55 - [CRITICAL] - El Pipeline ETL se ha detenido por un fallo catastrﾃｳfico: (psycopg2.OperationalError) could not translate host name "postgres" to address: Name or service not known

(Background on this error at: https://sqlalche.me/e/20/e3q8)
2026-06-29 20:17:00 - [INFO] - Arrancando el pipeline ETL unificado de la plataforma...
2026-06-29 20:17:00 - [INFO] - Extrayendo datos de comportamiento desde data/usuarios_streaming.csv...
2026-06-29 20:17:00 - [INFO] - Conectando al motor PostgreSQL 'crm_clientes'...
2026-06-29 20:17:04 - [CRITICAL] - El Pipeline ETL se ha detenido por un fallo catastrﾃｳfico: (psycopg2.OperationalError) could not translate host name "postgres" to address: Name or service not known

(Background on this error at: https://sqlalche.me/e/20/e3q8)
2026-06-29 20:19:13 - [INFO] - Arrancando el pipeline ETL unificado de la plataforma...
2026-06-29 20:19:13 - [INFO] - Extrayendo datos de comportamiento desde data/usuarios_streaming.csv...
2026-06-29 20:19:13 - [INFO] - Conectando al motor PostgreSQL 'crm_clientes'...
2026-06-29 20:19:17 - [CRITICAL] - El Pipeline ETL se ha detenido por un fallo catastrﾃｳfico: (psycopg2.OperationalError) could not translate host name "postgres" to address: Name or service not known

(Background on this error at: https://sqlalche.me/e/20/e3q8)
2026-06-29 20:29:03 - [INFO] - Arrancando el pipeline ETL unificado de la plataforma...
2026-06-29 20:29:03 - [INFO] - Extrayendo datos de comportamiento desde data/usuarios_streaming.csv...
2026-06-29 20:29:03 - [INFO] - Conectando al motor PostgreSQL 'crm_clientes'...
2026-06-29 20:29:07 - [CRITICAL] - El Pipeline ETL se ha detenido por un fallo catastrﾃｳfico: (psycopg2.OperationalError) could not translate host name "postgres" to address: Name or service not known

(Background on this error at: https://sqlalche.me/e/20/e3q8)
2026-06-29 20:38:23 - [INFO] - Arrancando el pipeline ETL unificado de la plataforma...
2026-06-29 20:38:23 - [INFO] - Extrayendo datos de comportamiento desde data/usuarios_streaming.csv...
2026-06-29 20:38:23 - [INFO] - Conectando al motor PostgreSQL 'crm_clientes'...
2026-06-29 20:38:27 - [CRITICAL] - El Pipeline ETL se ha detenido por un fallo catastrﾃｳfico: (psycopg2.OperationalError) could not translate host name "postgres" to address: Name or service not known

(Background on this error at: https://sqlalche.me/e/20/e3q8)
2026-06-29 20:42:48 - [INFO] - Arrancando el pipeline ETL unificado de la plataforma...
2026-06-29 20:42:48 - [INFO] - Extrayendo datos de comportamiento desde data/usuarios_streaming.csv...
2026-06-29 20:42:48 - [INFO] - Conectando al motor PostgreSQL 'crm_clientes'...
2026-06-29 20:42:48 - [INFO] - Extracciﾃｳn de perfiles desde Postgres completada con ﾃｩxito.
2026-06-29 20:42:48 - [INFO] - Ejecutando operaciﾃｳn Merge JOIN entre streaming y perfiles relacionales...
2026-06-29 20:42:48 - [INFO] - Iniciando auditorﾃｭa y validaciﾃｳn de consistencia de esquemas...
2026-06-29 20:42:48 - [INFO] - Validaciﾃｳn de esquemas aprobada. Conjunto analﾃｭtico ﾃｭntegro.
2026-06-29 20:42:48 - [INFO] - Fase de carga completada con ﾃｩxito. Archivo disponible en: data/data_usuarios.csv
2026-06-29 20:44:44 - [INFO] - Arrancando el pipeline ETL unificado de la plataforma...
2026-06-29 20:44:44 - [INFO] - Extrayendo datos de comportamiento desde data/usuarios_streaming.csv...
2026-06-29 20:44:44 - [INFO] - Conectando al motor PostgreSQL 'crm_clientes'...
2026-06-29 20:44:44 - [INFO] - Extracciﾃｳn de perfiles desde Postgres completada con ﾃｩxito.
2026-06-29 20:44:44 - [INFO] - Ejecutando operaciﾃｳn Merge JOIN entre streaming y perfiles relacionales...
2026-06-29 20:44:44 - [INFO] - Iniciando auditorﾃｭa y validaciﾃｳn de consistencia de esquemas...
2026-06-29 20:44:44 - [INFO] - Validaciﾃｳn de esquemas aprobada. Conjunto analﾃｭtico ﾃｭntegro.
2026-06-29 20:44:44 - [INFO] - Fase de carga completada con ﾃｩxito. Archivo disponible en: data/data_usuarios.csv
2026-06-29 20:45:16 - [INFO] - Arrancando el pipeline ETL unificado de la plataforma...
2026-06-29 20:45:16 - [INFO] - Extrayendo datos de comportamiento desde data/usuarios_streaming.csv...
2026-06-29 20:45:16 - [INFO] - Conectando al motor PostgreSQL 'crm_clientes'...
2026-06-29 20:45:16 - [INFO] - Extracciﾃｳn de perfiles desde Postgres completada con ﾃｩxito.
2026-06-29 20:45:16 - [INFO] - Ejecutando operaciﾃｳn Merge JOIN entre streaming y perfiles relacionales...
2026-06-29 20:45:16 - [INFO] - Iniciando auditorﾃｭa y validaciﾃｳn de consistencia de esquemas...
2026-06-29 20:45:16 - [INFO] - Validaciﾃｳn de esquemas aprobada. Conjunto analﾃｭtico ﾃｭntegro.
2026-06-29 20:45:16 - [INFO] - Fase de carga completada con ﾃｩxito. Archivo disponible en: data/data_usuarios.csv
2026-06-29 20:47:48 - [INFO] - Arrancando el pipeline ETL unificado de la plataforma...
2026-06-29 20:47:48 - [INFO] - Extrayendo datos de comportamiento desde data/usuarios_streaming.csv...
2026-06-29 20:47:48 - [INFO] - Conectando al motor PostgreSQL 'crm_clientes'...
2026-06-29 20:47:48 - [INFO] - Extracciﾃｳn de perfiles desde Postgres completada con ﾃｩxito.
2026-06-29 20:47:48 - [INFO] - Ejecutando operaciﾃｳn Merge JOIN entre streaming y perfiles relacionales...
2026-06-29 20:47:48 - [INFO] - Iniciando auditorﾃｭa y validaciﾃｳn de consistencia de esquemas...
2026-06-29 20:47:48 - [INFO] - Validaciﾃｳn de esquemas aprobada. Conjunto analﾃｭtico ﾃｭntegro.
2026-06-29 20:47:48 - [INFO] - Fase de carga completada con ﾃｩxito. Archivo disponible en: data/data_usuarios.csv
2026-06-29 20:49:23 - [INFO] - Arrancando el pipeline ETL unificado de la plataforma...
2026-06-29 20:49:23 - [INFO] - Extrayendo datos de comportamiento desde data/usuarios_streaming.csv...
2026-06-29 20:49:23 - [INFO] - Conectando al motor PostgreSQL 'crm_clientes'...
2026-06-29 20:49:23 - [INFO] - Extracciﾃｳn de perfiles desde Postgres completada con ﾃｩxito.
2026-06-29 20:49:23 - [INFO] - Ejecutando operaciﾃｳn Merge JOIN entre streaming y perfiles relacionales...
2026-06-29 20:49:23 - [INFO] - Iniciando auditorﾃｭa y validaciﾃｳn de consistencia de esquemas...
2026-06-29 20:49:23 - [INFO] - Validaciﾃｳn de esquemas aprobada. Conjunto analﾃｭtico ﾃｭntegro.
2026-06-29 20:49:23 - [INFO] - Fase de carga completada con ﾃｩxito. Archivo disponible en: data/data_usuarios.csv
2026-06-29 20:51:55 - [INFO] - Arrancando el pipeline ETL unificado de la plataforma...
2026-06-29 20:51:55 - [INFO] - Extrayendo datos de comportamiento desde data/usuarios_streaming.csv...
2026-06-29 20:51:55 - [INFO] - Conectando al motor PostgreSQL 'crm_clientes'...
2026-06-29 20:51:55 - [INFO] - Extracciﾃｳn de perfiles desde Postgres completada con ﾃｩxito.
2026-06-29 20:51:55 - [INFO] - Ejecutando operaciﾃｳn Merge JOIN entre streaming y perfiles relacionales...
2026-06-29 20:51:55 - [INFO] - Iniciando auditorﾃｭa y validaciﾃｳn de consistencia de esquemas...
2026-06-29 20:51:55 - [INFO] - Validaciﾃｳn de esquemas aprobada. Conjunto analﾃｭtico ﾃｭntegro.
2026-06-29 20:51:55 - [INFO] - Fase de carga completada con ﾃｩxito. Archivo disponible en: data/data_usuarios.csv
2026-06-29 20:55:50 - [INFO] - Arrancando el pipeline ETL unificado de la plataforma...
2026-06-29 20:55:50 - [INFO] - Extrayendo datos de comportamiento desde data/usuarios_streaming.csv...
2026-06-29 20:55:50 - [INFO] - Conectando al motor PostgreSQL 'crm_clientes'...
2026-06-29 20:55:50 - [INFO] - Extracciﾃｳn de perfiles desde Postgres completada con ﾃｩxito.
2026-06-29 20:55:50 - [INFO] - Ejecutando operaciﾃｳn Merge JOIN entre streaming y perfiles relacionales...
2026-06-29 20:55:50 - [INFO] - Iniciando auditorﾃｭa y validaciﾃｳn de consistencia de esquemas...
2026-06-29 20:55:50 - [INFO] - Validaciﾃｳn de esquemas aprobada. Conjunto analﾃｭtico ﾃｭntegro.
2026-06-29 20:55:50 - [INFO] - Fase de carga completada con ﾃｩxito. Archivo disponible en: data/data_usuarios.csv
2026-06-29 20:57:28 - [INFO] - Arrancando el pipeline ETL unificado de la plataforma...
2026-06-29 20:57:28 - [INFO] - Extrayendo datos de comportamiento desde data/usuarios_streaming.csv...
2026-06-29 20:57:28 - [INFO] - Conectando al motor PostgreSQL 'crm_clientes'...
2026-06-29 20:57:28 - [INFO] - Extracciﾃｳn de perfiles desde Postgres completada con ﾃｩxito.
2026-06-29 20:57:28 - [INFO] - Ejecutando operaciﾃｳn Merge JOIN entre streaming y perfiles relacionales...
2026-06-29 20:57:28 - [INFO] - Iniciando auditorﾃｭa y validaciﾃｳn de consistencia de esquemas...
2026-06-29 20:57:28 - [INFO] - Validaciﾃｳn de esquemas aprobada. Conjunto analﾃｭtico ﾃｭntegro.
2026-06-29 20:57:28 - [INFO] - Fase de carga completada con ﾃｩxito. Archivo disponible en: data/data_usuarios.csv
2026-06-29 20:59:21 - [INFO] - Arrancando el pipeline ETL unificado de la plataforma...
2026-06-29 20:59:21 - [INFO] - Extrayendo datos de comportamiento desde data/usuarios_streaming.csv...
2026-06-29 20:59:21 - [INFO] - Conectando al motor PostgreSQL 'crm_clientes'...
2026-06-29 20:59:21 - [INFO] - Extracciﾃｳn de perfiles desde Postgres completada con ﾃｩxito.
2026-06-29 20:59:21 - [INFO] - Ejecutando operaciﾃｳn Merge JOIN entre streaming y perfiles relacionales...
2026-06-29 20:59:21 - [INFO] - Iniciando auditorﾃｭa y validaciﾃｳn de consistencia de esquemas...
2026-06-29 20:59:21 - [INFO] - Validaciﾃｳn de esquemas aprobada. Conjunto analﾃｭtico ﾃｭntegro.
2026-06-29 20:59:21 - [INFO] - Fase de carga completada con ﾃｩxito. Archivo disponible en: data/data_usuarios.csv
2026-06-29 21:02:39 - [INFO] - Arrancando el pipeline ETL unificado de la plataforma...
2026-06-29 21:02:39 - [INFO] - Extrayendo datos de comportamiento desde data/usuarios_streaming.csv...
2026-06-29 21:02:39 - [INFO] - Conectando al motor PostgreSQL 'crm_clientes'...
2026-06-29 21:02:39 - [INFO] - Extracciﾃｳn de perfiles desde Postgres completada con ﾃｩxito.
2026-06-29 21:02:39 - [INFO] - Ejecutando operaciﾃｳn Merge JOIN entre streaming y perfiles relacionales...
2026-06-29 21:02:39 - [INFO] - Iniciando auditorﾃｭa y validaciﾃｳn de consistencia de esquemas...
2026-06-29 21:02:39 - [INFO] - Validaciﾃｳn de esquemas aprobada. Conjunto analﾃｭtico ﾃｭntegro.
2026-06-29 21:02:39 - [INFO] - Fase de carga completada con ﾃｩxito. Archivo disponible en: data/data_usuarios.csv
2026-06-29 21:04:19 - [INFO] - Arrancando el pipeline ETL unificado de la plataforma...
2026-06-29 21:04:19 - [INFO] - Extrayendo datos de comportamiento desde data/usuarios_streaming.csv...
2026-06-29 21:04:19 - [INFO] - Conectando al motor PostgreSQL 'crm_clientes'...
2026-06-29 21:04:19 - [INFO] - Extracciﾃｳn de perfiles desde Postgres completada con ﾃｩxito.
2026-06-29 21:04:19 - [INFO] - Ejecutando operaciﾃｳn Merge JOIN entre streaming y perfiles relacionales...
2026-06-29 21:04:19 - [INFO] - Iniciando auditorﾃｭa y validaciﾃｳn de consistencia de esquemas...
2026-06-29 21:04:19 - [INFO] - Validaciﾃｳn de esquemas aprobada. Conjunto analﾃｭtico ﾃｭntegro.
2026-06-29 21:04:19 - [INFO] - Fase de carga completada con ﾃｩxito. Archivo disponible en: data/data_usuarios.csv
2026-06-29 21:05:40 - [INFO] - Arrancando el pipeline ETL unificado de la plataforma...
2026-06-29 21:05:40 - [INFO] - Extrayendo datos de comportamiento desde data/usuarios_streaming.csv...
2026-06-29 21:05:40 - [INFO] - Conectando al motor PostgreSQL 'crm_clientes'...
2026-06-29 21:05:40 - [INFO] - Extracciﾃｳn de perfiles desde Postgres completada con ﾃｩxito.
2026-06-29 21:05:40 - [INFO] - Ejecutando operaciﾃｳn Merge JOIN entre streaming y perfiles relacionales...
2026-06-29 21:05:40 - [INFO] - Iniciando auditorﾃｭa y validaciﾃｳn de consistencia de esquemas...
2026-06-29 21:05:40 - [INFO] - Validaciﾃｳn de esquemas aprobada. Conjunto analﾃｭtico ﾃｭntegro.
2026-06-29 21:05:40 - [INFO] - Fase de carga completada con ﾃｩxito. Archivo disponible en: data/data_usuarios.csv
2026-06-29 21:06:36 - [INFO] - Arrancando el pipeline ETL unificado de la plataforma...
2026-06-29 21:06:36 - [INFO] - Extrayendo datos de comportamiento desde data/usuarios_streaming.csv...
2026-06-29 21:06:36 - [INFO] - Conectando al motor PostgreSQL 'crm_clientes'...
2026-06-29 21:06:36 - [INFO] - Extracciﾃｳn de perfiles desde Postgres completada con ﾃｩxito.
2026-06-29 21:06:36 - [INFO] - Ejecutando operaciﾃｳn Merge JOIN entre streaming y perfiles relacionales...
2026-06-29 21:06:36 - [INFO] - Iniciando auditorﾃｭa y validaciﾃｳn de consistencia de esquemas...
2026-06-29 21:06:36 - [INFO] - Validaciﾃｳn de esquemas aprobada. Conjunto analﾃｭtico ﾃｭntegro.
2026-06-29 21:06:36 - [INFO] - Fase de carga completada con ﾃｩxito. Archivo disponible en: data/data_usuarios.csv
2026-06-29 21:11:27 - [INFO] - Arrancando el pipeline ETL unificado de la plataforma...
2026-06-29 21:11:27 - [INFO] - Extrayendo datos de comportamiento desde data/usuarios_streaming.csv...
2026-06-29 21:11:27 - [INFO] - Conectando al motor PostgreSQL 'crm_clientes'...
2026-06-29 21:11:27 - [INFO] - Extracciﾃｳn de perfiles desde Postgres completada con ﾃｩxito.
2026-06-29 21:11:27 - [INFO] - Ejecutando operaciﾃｳn Merge JOIN entre streaming y perfiles relacionales...
2026-06-29 21:11:27 - [INFO] - Iniciando auditorﾃｭa y validaciﾃｳn de consistencia de esquemas...
2026-06-29 21:11:27 - [INFO] - Validaciﾃｳn de esquemas aprobada. Conjunto analﾃｭtico ﾃｭntegro.
2026-06-29 21:11:27 - [INFO] - Fase de carga completada con ﾃｩxito. Archivo disponible en: data/data_usuarios.csv
2026-06-29 21:13:28 - [INFO] - Arrancando el pipeline ETL unificado de la plataforma...
2026-06-29 21:13:28 - [INFO] - Extrayendo datos de comportamiento desde data/usuarios_streaming.csv...
2026-06-29 21:13:28 - [INFO] - Conectando al motor PostgreSQL 'crm_clientes'...
2026-06-29 21:13:28 - [INFO] - Extracciﾃｳn de perfiles desde Postgres completada con ﾃｩxito.
2026-06-29 21:13:28 - [INFO] - Ejecutando operaciﾃｳn Merge JOIN entre streaming y perfiles relacionales...
2026-06-29 21:13:28 - [INFO] - Iniciando auditorﾃｭa y validaciﾃｳn de consistencia de esquemas...
2026-06-29 21:13:28 - [INFO] - Validaciﾃｳn de esquemas aprobada. Conjunto analﾃｭtico ﾃｭntegro.
2026-06-29 21:13:28 - [INFO] - Fase de carga completada con ﾃｩxito. Archivo disponible en: data/data_usuarios.csv
2026-06-29 21:16:43 - [INFO] - Arrancando el pipeline ETL unificado de la plataforma...
2026-06-29 21:16:43 - [INFO] - Extrayendo datos de comportamiento desde data/usuarios_streaming.csv...
2026-06-29 21:16:43 - [INFO] - Conectando al motor PostgreSQL 'crm_clientes'...
2026-06-29 21:16:43 - [INFO] - Extracciﾃｳn de perfiles desde Postgres completada con ﾃｩxito.
2026-06-29 21:16:43 - [INFO] - Ejecutando operaciﾃｳn Merge JOIN entre streaming y perfiles relacionales...
2026-06-29 21:16:43 - [INFO] - Iniciando auditorﾃｭa y validaciﾃｳn de consistencia de esquemas...
2026-06-29 21:16:43 - [INFO] - Validaciﾃｳn de esquemas aprobada. Conjunto analﾃｭtico ﾃｭntegro.
2026-06-29 21:16:43 - [INFO] - Fase de carga completada con ﾃｩxito. Archivo disponible en: data/data_usuarios.csv
2026-06-29 21:21:18 - [INFO] - Arrancando el pipeline ETL unificado de la plataforma...
2026-06-29 21:21:18 - [INFO] - Extrayendo datos de comportamiento desde data/usuarios_streaming.csv...
2026-06-29 21:21:18 - [INFO] - Conectando al motor PostgreSQL 'crm_clientes'...
2026-06-29 21:21:18 - [INFO] - Extracciﾃｳn de perfiles desde Postgres completada con ﾃｩxito.
2026-06-29 21:21:18 - [INFO] - Ejecutando operaciﾃｳn Merge JOIN entre streaming y perfiles relacionales...
2026-06-29 21:21:18 - [INFO] - Iniciando auditorﾃｭa y validaciﾃｳn de consistencia de esquemas...
2026-06-29 21:21:18 - [INFO] - Validaciﾃｳn de esquemas aprobada. Conjunto analﾃｭtico ﾃｭntegro.
2026-06-29 21:21:18 - [INFO] - Fase de carga completada con ﾃｩxito. Archivo disponible en: data/data_usuarios.csv
2026-06-29 22:03:02 - [INFO] - Arrancando el pipeline ETL unificado de la plataforma...
2026-06-29 22:03:02 - [INFO] - Extrayendo datos de comportamiento desde data/usuarios_streaming.csv...
2026-06-29 22:03:02 - [INFO] - Conectando al motor PostgreSQL 'crm_clientes'...
2026-06-29 22:03:02 - [INFO] - Extracciﾃｳn de perfiles desde Postgres completada con ﾃｩxito.
2026-06-29 22:03:02 - [INFO] - Ejecutando operaciﾃｳn Merge JOIN entre streaming y perfiles relacionales...
2026-06-29 22:03:02 - [INFO] - Iniciando auditorﾃｭa y validaciﾃｳn de consistencia de esquemas...
2026-06-29 22:03:02 - [INFO] - Validaciﾃｳn de esquemas aprobada. Conjunto analﾃｭtico ﾃｭntegro.
2026-06-29 22:03:02 - [INFO] - Fase de carga completada con ﾃｩxito. Archivo disponible en: data/data_usuarios.csv
2026-06-29 22:03:40 - [INFO] - Arrancando el pipeline ETL unificado de la plataforma...
2026-06-29 22:03:40 - [INFO] - Extrayendo datos de comportamiento desde data/usuarios_streaming.csv...
2026-06-29 22:03:40 - [INFO] - Conectando al motor PostgreSQL 'crm_clientes'...
2026-06-29 22:03:40 - [INFO] - Extracciﾃｳn de perfiles desde Postgres completada con ﾃｩxito.
2026-06-29 22:03:40 - [INFO] - Ejecutando operaciﾃｳn Merge JOIN entre streaming y perfiles relacionales...
2026-06-29 22:03:40 - [INFO] - Iniciando auditorﾃｭa y validaciﾃｳn de consistencia de esquemas...
2026-06-29 22:03:40 - [INFO] - Validaciﾃｳn de esquemas aprobada. Conjunto analﾃｭtico ﾃｭntegro.
2026-06-29 22:03:40 - [INFO] - Fase de carga completada con ﾃｩxito. Archivo disponible en: data/data_usuarios.csv
2026-06-29 22:04:23 - [INFO] - Arrancando el pipeline ETL unificado de la plataforma...
2026-06-29 22:04:23 - [INFO] - Extrayendo datos de comportamiento desde data/usuarios_streaming.csv...
2026-06-29 22:04:23 - [INFO] - Conectando al motor PostgreSQL 'crm_clientes'...
2026-06-29 22:04:23 - [INFO] - Extracciﾃｳn de perfiles desde Postgres completada con ﾃｩxito.
2026-06-29 22:04:23 - [INFO] - Ejecutando operaciﾃｳn Merge JOIN entre streaming y perfiles relacionales...
2026-06-29 22:04:23 - [INFO] - Iniciando auditorﾃｭa y validaciﾃｳn de consistencia de esquemas...
2026-06-29 22:04:23 - [INFO] - Validaciﾃｳn de esquemas aprobada. Conjunto analﾃｭtico ﾃｭntegro.
2026-06-29 22:04:23 - [INFO] - Fase de carga completada con ﾃｩxito. Archivo disponible en: data/data_usuarios.csv
2026-06-29 22:04:51 - [INFO] - Arrancando el pipeline ETL unificado de la plataforma...
2026-06-29 22:04:51 - [INFO] - Extrayendo datos de comportamiento desde data/usuarios_streaming.csv...
2026-06-29 22:04:51 - [INFO] - Conectando al motor PostgreSQL 'crm_clientes'...
2026-06-29 22:04:51 - [INFO] - Extracciﾃｳn de perfiles desde Postgres completada con ﾃｩxito.
2026-06-29 22:04:51 - [INFO] - Ejecutando operaciﾃｳn Merge JOIN entre streaming y perfiles relacionales...
2026-06-29 22:04:51 - [INFO] - Iniciando auditorﾃｭa y validaciﾃｳn de consistencia de esquemas...
2026-06-29 22:04:51 - [INFO] - Validaciﾃｳn de esquemas aprobada. Conjunto analﾃｭtico ﾃｭntegro.
2026-06-29 22:04:51 - [INFO] - Fase de carga completada con ﾃｩxito. Archivo disponible en: data/data_usuarios.csv
<<<<<<< HEAD
2026-06-30 00:47:54 - [INFO] - Arrancando el pipeline ETL unificado de la plataforma...
2026-06-30 00:47:54 - [INFO] - Extrayendo datos de comportamiento desde data/usuarios_streaming.csv...
2026-06-30 00:47:54 - [INFO] - Conectando al motor PostgreSQL 'crm_clientes'...
2026-06-30 00:47:54 - [CRITICAL] - El Pipeline ETL se ha detenido por un fallo catastrﾃｳfico: Execution failed on sql 'SELECT * FROM perfil_usuarios': (psycopg2.errors.UndefinedTable) relation "perfil_usuarios" does not exist
LINE 1: SELECT * FROM perfil_usuarios
                      ^

[SQL: SELECT * FROM perfil_usuarios]
(Background on this error at: https://sqlalche.me/e/20/f405)
2026-06-30 00:49:36 - [INFO] - Arrancando el pipeline ETL unificado de la plataforma...
2026-06-30 00:49:36 - [INFO] - Extrayendo datos de comportamiento desde data/usuarios_streaming.csv...
2026-06-30 00:49:36 - [INFO] - Conectando al motor PostgreSQL 'crm_clientes'...
2026-06-30 00:49:36 - [CRITICAL] - El Pipeline ETL se ha detenido por un fallo catastrﾃｳfico: Execution failed on sql 'SELECT * FROM perfil_usuarios': (psycopg2.errors.UndefinedTable) relation "perfil_usuarios" does not exist
LINE 1: SELECT * FROM perfil_usuarios
                      ^

[SQL: SELECT * FROM perfil_usuarios]
(Background on this error at: https://sqlalche.me/e/20/f405)
2026-06-30 00:50:27 - [INFO] - Arrancando el pipeline ETL unificado de la plataforma...
2026-06-30 00:50:27 - [INFO] - Extrayendo datos de comportamiento desde data/usuarios_streaming.csv...
2026-06-30 00:50:27 - [INFO] - Conectando al motor PostgreSQL 'crm_clientes'...
2026-06-30 00:50:27 - [CRITICAL] - El Pipeline ETL se ha detenido por un fallo catastrﾃｳfico: Execution failed on sql 'SELECT * FROM perfil_usuarios': (psycopg2.errors.UndefinedTable) relation "perfil_usuarios" does not exist
LINE 1: SELECT * FROM perfil_usuarios
                      ^

[SQL: SELECT * FROM perfil_usuarios]
(Background on this error at: https://sqlalche.me/e/20/f405)
2026-06-30 00:56:02 - [INFO] - Arrancando el pipeline ETL unificado de la plataforma...
2026-06-30 00:56:02 - [INFO] - Extrayendo datos de comportamiento desde data/usuarios_streaming.csv...
2026-06-30 00:56:02 - [INFO] - Conectando al motor PostgreSQL 'crm_clientes'...
2026-06-30 00:56:02 - [CRITICAL] - El Pipeline ETL se ha detenido por un fallo catastrﾃｳfico: Execution failed on sql 'SELECT * FROM perfil_usuarios': (psycopg2.errors.UndefinedTable) relation "perfil_usuarios" does not exist
LINE 1: SELECT * FROM perfil_usuarios
                      ^

[SQL: SELECT * FROM perfil_usuarios]
(Background on this error at: https://sqlalche.me/e/20/f405)
2026-06-30 00:56:08 - [INFO] - Arrancando el pipeline ETL unificado de la plataforma...
2026-06-30 00:56:08 - [INFO] - Extrayendo datos de comportamiento desde data/usuarios_streaming.csv...
2026-06-30 00:56:08 - [INFO] - Conectando al motor PostgreSQL 'crm_clientes'...
2026-06-30 00:56:08 - [CRITICAL] - El Pipeline ETL se ha detenido por un fallo catastrﾃｳfico: Execution failed on sql 'SELECT * FROM perfil_usuarios': (psycopg2.errors.UndefinedTable) relation "perfil_usuarios" does not exist
LINE 1: SELECT * FROM perfil_usuarios
                      ^

[SQL: SELECT * FROM perfil_usuarios]
(Background on this error at: https://sqlalche.me/e/20/f405)
2026-06-30 00:56:17 - [INFO] - Arrancando el pipeline ETL unificado de la plataforma...
2026-06-30 00:56:17 - [INFO] - Extrayendo datos de comportamiento desde data/usuarios_streaming.csv...
2026-06-30 00:56:17 - [INFO] - Conectando al motor PostgreSQL 'crm_clientes'...
2026-06-30 00:56:17 - [CRITICAL] - El Pipeline ETL se ha detenido por un fallo catastrﾃｳfico: Execution failed on sql 'SELECT * FROM perfil_usuarios': (psycopg2.errors.UndefinedTable) relation "perfil_usuarios" does not exist
LINE 1: SELECT * FROM perfil_usuarios
                      ^

[SQL: SELECT * FROM perfil_usuarios]
(Background on this error at: https://sqlalche.me/e/20/f405)
=======
>>>>>>> 1d70a0166032ff916b98eb2464848c5fe6c7ba5b
2026-06-30 01:27:02 - [INFO] - Arrancando el pipeline ETL unificado de la plataforma...
2026-06-30 01:27:02 - [INFO] - Extrayendo datos de comportamiento desde data/usuarios_streaming.csv...
2026-06-30 01:27:02 - [INFO] - Conectando al motor PostgreSQL 'crm_clientes'...
2026-06-30 01:27:02 - [INFO] - Extracciﾃｳn de perfiles desde Postgres completada con ﾃｩxito.
2026-06-30 01:27:02 - [INFO] - Ejecutando operaciﾃｳn Merge JOIN entre streaming y perfiles relacionales...
2026-06-30 01:27:02 - [INFO] - Iniciando auditorﾃｭa y validaciﾃｳn de consistencia de esquemas...
2026-06-30 01:27:02 - [INFO] - Validaciﾃｳn de esquemas aprobada. Conjunto analﾃｭtico ﾃｭntegro.
2026-06-30 01:27:02 - [INFO] - Fase de carga completada con ﾃｩxito. Archivo disponible en: data/data_usuarios.csv
2026-06-30 01:31:05 - [INFO] - Arrancando el pipeline ETL unificado de la plataforma...
2026-06-30 01:31:05 - [INFO] - Extrayendo datos de comportamiento desde data/usuarios_streaming.csv...
2026-06-30 01:31:05 - [INFO] - Conectando al motor PostgreSQL 'crm_clientes'...
2026-06-30 01:31:05 - [INFO] - Extracciﾃｳn de perfiles desde Postgres completada con ﾃｩxito.
2026-06-30 01:31:05 - [INFO] - Ejecutando operaciﾃｳn Merge JOIN entre streaming y perfiles relacionales...
2026-06-30 01:31:05 - [INFO] - Iniciando auditorﾃｭa y validaciﾃｳn de consistencia de esquemas...
2026-06-30 01:31:05 - [INFO] - Validaciﾃｳn de esquemas aprobada. Conjunto analﾃｭtico ﾃｭntegro.
2026-06-30 01:31:05 - [INFO] - Fase de carga completada con ﾃｩxito. Archivo disponible en: data/data_usuarios.csv
2026-06-30 01:34:02 - [INFO] - Arrancando el pipeline ETL unificado de la plataforma...
2026-06-30 01:34:02 - [INFO] - Extrayendo datos de comportamiento desde data/usuarios_streaming.csv...
2026-06-30 01:34:02 - [INFO] - Conectando al motor PostgreSQL 'crm_clientes'...
2026-06-30 01:34:02 - [INFO] - Extracciﾃｳn de perfiles desde Postgres completada con ﾃｩxito.
2026-06-30 01:34:02 - [INFO] - Ejecutando operaciﾃｳn Merge JOIN entre streaming y perfiles relacionales...
2026-06-30 01:34:02 - [INFO] - Iniciando auditorﾃｭa y validaciﾃｳn de consistencia de esquemas...
2026-06-30 01:34:02 - [INFO] - Validaciﾃｳn de esquemas aprobada. Conjunto analﾃｭtico ﾃｭntegro.
2026-06-30 01:34:02 - [INFO] - Fase de carga completada con ﾃｩxito. Archivo disponible en: data/data_usuarios.csv
2026-06-30 01:38:17 - [INFO] - Arrancando el pipeline ETL unificado de la plataforma...
2026-06-30 01:38:17 - [INFO] - Extrayendo datos de comportamiento desde data/usuarios_streaming.csv...
2026-06-30 01:38:17 - [INFO] - Conectando al motor PostgreSQL 'crm_clientes'...
2026-06-30 01:38:17 - [INFO] - Extracciﾃｳn de perfiles desde Postgres completada con ﾃｩxito.
2026-06-30 01:38:17 - [INFO] - Ejecutando operaciﾃｳn Merge JOIN entre streaming y perfiles relacionales...
2026-06-30 01:38:17 - [INFO] - Iniciando auditorﾃｭa y validaciﾃｳn de consistencia de esquemas...
2026-06-30 01:38:17 - [INFO] - Validaciﾃｳn de esquemas aprobada. Conjunto analﾃｭtico ﾃｭntegro.
2026-06-30 01:38:17 - [INFO] - Fase de carga completada con ﾃｩxito. Archivo disponible en: data/data_usuarios.csv
2026-06-30 02:34:54 - [INFO] - Arrancando el pipeline ETL unificado de la plataforma...
2026-06-30 02:34:54 - [INFO] - Extrayendo datos de comportamiento desde data/usuarios_streaming.csv...
2026-06-30 02:34:54 - [INFO] - Conectando al motor PostgreSQL 'crm_clientes'...
2026-06-30 02:34:55 - [INFO] - Extracciﾃｳn de perfiles desde Postgres completada con ﾃｩxito.
2026-06-30 02:34:55 - [INFO] - Ejecutando operaciﾃｳn Merge JOIN entre streaming y perfiles relacionales...
2026-06-30 02:34:55 - [INFO] - Iniciando auditorﾃｭa y validaciﾃｳn de consistencia de esquemas...
2026-06-30 02:34:55 - [INFO] - Validaciﾃｳn de esquemas aprobada. Conjunto analﾃｭtico ﾃｭntegro.
2026-06-30 02:34:55 - [INFO] - Fase de carga completada con ﾃｩxito. Archivo disponible en: data/data_usuarios.csv
2026-06-30 02:41:08 - [INFO] - Arrancando el pipeline ETL unificado de la plataforma...
2026-06-30 02:41:08 - [INFO] - Extrayendo datos de comportamiento desde data/usuarios_streaming.csv...
2026-06-30 02:41:08 - [INFO] - Conectando al motor PostgreSQL 'crm_clientes'...
2026-06-30 02:41:08 - [INFO] - Extracciﾃｳn de perfiles desde Postgres completada con ﾃｩxito.
2026-06-30 02:41:08 - [INFO] - Ejecutando operaciﾃｳn Merge JOIN entre streaming y perfiles relacionales...
2026-06-30 02:41:08 - [INFO] - Iniciando auditorﾃｭa y validaciﾃｳn de consistencia de esquemas...
2026-06-30 02:41:08 - [INFO] - Validaciﾃｳn de esquemas aprobada. Conjunto analﾃｭtico ﾃｭntegro.
2026-06-30 02:41:08 - [INFO] - Fase de carga completada con ﾃｩxito. Archivo disponible en: data/data_usuarios.csv
2026-06-30 02:42:37 - [INFO] - Arrancando el pipeline ETL unificado de la plataforma...
2026-06-30 02:42:37 - [INFO] - Extrayendo datos de comportamiento desde data/usuarios_streaming.csv...
2026-06-30 02:42:37 - [INFO] - Conectando al motor PostgreSQL 'crm_clientes'...
2026-06-30 02:42:37 - [INFO] - Extracciﾃｳn de perfiles desde Postgres completada con ﾃｩxito.
2026-06-30 02:42:37 - [INFO] - Ejecutando operaciﾃｳn Merge JOIN entre streaming y perfiles relacionales...
2026-06-30 02:42:37 - [INFO] - Iniciando auditorﾃｭa y validaciﾃｳn de consistencia de esquemas...
2026-06-30 02:42:37 - [INFO] - Validaciﾃｳn de esquemas aprobada. Conjunto analﾃｭtico ﾃｭntegro.
2026-06-30 02:42:37 - [INFO] - Fase de carga completada con ﾃｩxito. Archivo disponible en: data/data_usuarios.csv
2026-06-30 03:01:48 - [INFO] - Arrancando el pipeline ETL unificado de la plataforma...
2026-06-30 03:01:48 - [INFO] - Extrayendo datos de comportamiento desde data/usuarios_streaming.csv...
2026-06-30 03:01:48 - [INFO] - Conectando al motor PostgreSQL 'crm_clientes'...
2026-06-30 03:01:48 - [INFO] - Extracciﾃｳn de perfiles desde Postgres completada con ﾃｩxito.
2026-06-30 03:01:48 - [INFO] - Ejecutando operaciﾃｳn Merge JOIN entre streaming y perfiles relacionales...
2026-06-30 03:01:48 - [INFO] - Iniciando auditorﾃｭa y validaciﾃｳn de consistencia de esquemas...
2026-06-30 03:01:48 - [INFO] - Validaciﾃｳn de esquemas aprobada. Conjunto analﾃｭtico ﾃｭntegro.
2026-06-30 03:01:48 - [INFO] - Fase de carga completada con ﾃｩxito. Archivo disponible en: data/data_usuarios.csv
2026-06-30 03:11:26 - [INFO] - Arrancando el pipeline ETL unificado de la plataforma...
2026-06-30 03:11:26 - [INFO] - Extrayendo datos de comportamiento desde data/usuarios_streaming.csv...
2026-06-30 03:11:26 - [INFO] - Conectando al motor PostgreSQL 'crm_clientes'...
2026-06-30 03:11:26 - [INFO] - Extracciﾃｳn de perfiles desde Postgres completada con ﾃｩxito.
2026-06-30 03:11:26 - [INFO] - Ejecutando operaciﾃｳn Merge JOIN entre streaming y perfiles relacionales...
2026-06-30 03:11:26 - [INFO] - Iniciando auditorﾃｭa y validaciﾃｳn de consistencia de esquemas...
2026-06-30 03:11:26 - [INFO] - Validaciﾃｳn de esquemas aprobada. Conjunto analﾃｭtico ﾃｭntegro.
2026-06-30 03:11:26 - [INFO] - Fase de carga completada con ﾃｩxito. Archivo disponible en: data/data_usuarios.csv
2026-06-30 03:21:46 - [INFO] - Arrancando el pipeline ETL unificado de la plataforma...
2026-06-30 03:21:46 - [INFO] - Extrayendo datos de comportamiento desde data/usuarios_streaming.csv...
2026-06-30 03:21:46 - [INFO] - Conectando al motor PostgreSQL 'crm_clientes'...
2026-06-30 03:21:46 - [INFO] - Extracciﾃｳn de perfiles desde Postgres completada con ﾃｩxito.
2026-06-30 03:21:46 - [INFO] - Ejecutando operaciﾃｳn Merge JOIN entre streaming y perfiles relacionales...
2026-06-30 03:21:46 - [INFO] - Iniciando auditorﾃｭa y validaciﾃｳn de consistencia de esquemas...
2026-06-30 03:21:46 - [INFO] - Validaciﾃｳn de esquemas aprobada. Conjunto analﾃｭtico ﾃｭntegro.
2026-06-30 03:21:46 - [INFO] - Fase de carga completada con ﾃｩxito. Archivo disponible en: data/data_usuarios.csv
2026-06-30 03:24:49 - [INFO] - Arrancando el pipeline ETL unificado de la plataforma...
2026-06-30 03:24:49 - [INFO] - Extrayendo datos de comportamiento desde data/usuarios_streaming.csv...
2026-06-30 03:24:49 - [INFO] - Conectando al motor PostgreSQL 'crm_clientes'...
2026-06-30 03:24:49 - [INFO] - Extracciﾃｳn de perfiles desde Postgres completada con ﾃｩxito.
2026-06-30 03:24:49 - [INFO] - Ejecutando operaciﾃｳn Merge JOIN entre streaming y perfiles relacionales...
2026-06-30 03:24:49 - [INFO] - Iniciando auditorﾃｭa y validaciﾃｳn de consistencia de esquemas...
2026-06-30 03:24:49 - [INFO] - Validaciﾃｳn de esquemas aprobada. Conjunto analﾃｭtico ﾃｭntegro.
2026-06-30 03:24:49 - [INFO] - Fase de carga completada con ﾃｩxito. Archivo disponible en: data/data_usuarios.csv
2026-06-30 03:53:12 - [INFO] - Arrancando el pipeline ETL unificado de la plataforma...
2026-06-30 03:53:12 - [INFO] - Extrayendo datos de comportamiento desde data/usuarios_streaming.csv...
2026-06-30 03:53:12 - [INFO] - Conectando al motor PostgreSQL 'crm_clientes'...
2026-06-30 03:53:12 - [INFO] - Extracciﾃｳn de perfiles desde Postgres completada con ﾃｩxito.
2026-06-30 03:53:12 - [INFO] - Ejecutando operaciﾃｳn Merge JOIN entre streaming y perfiles relacionales...
2026-06-30 03:53:12 - [INFO] - Iniciando auditorﾃｭa y validaciﾃｳn de consistencia de esquemas...
2026-06-30 03:53:12 - [INFO] - Validaciﾃｳn de esquemas aprobada. Conjunto analﾃｭtico ﾃｭntegro.
2026-06-30 03:53:12 - [INFO] - Fase de carga completada con ﾃｩxito. Archivo disponible en: data/data_usuarios.csv
2026-06-30 05:43:49 - [INFO] - Arrancando el pipeline ETL unificado de la plataforma...
2026-06-30 05:43:49 - [INFO] - Extrayendo datos de comportamiento desde data/usuarios_streaming.csv...
2026-06-30 05:43:49 - [INFO] - Conectando al motor PostgreSQL 'crm_clientes'...
2026-06-30 05:43:49 - [INFO] - Extracciﾃｳn de perfiles desde Postgres completada con ﾃｩxito.
2026-06-30 05:43:49 - [INFO] - Ejecutando operaciﾃｳn Merge JOIN entre streaming y perfiles relacionales...
2026-06-30 05:43:49 - [INFO] - Iniciando auditorﾃｭa y validaciﾃｳn de consistencia de esquemas...
2026-06-30 05:43:49 - [INFO] - Validaciﾃｳn de esquemas aprobada. Conjunto analﾃｭtico ﾃｭntegro.
2026-06-30 05:43:49 - [INFO] - Fase de carga completada con ﾃｩxito. Archivo disponible en: data/data_usuarios.csv
2026-06-30 05:48:50 - [INFO] - Arrancando el pipeline ETL unificado de la plataforma...
2026-06-30 05:48:50 - [INFO] - Extrayendo datos de comportamiento desde data/usuarios_streaming.csv...
2026-06-30 05:48:50 - [INFO] - Conectando al motor PostgreSQL 'crm_clientes'...
2026-06-30 05:48:50 - [INFO] - Extracciﾃｳn de perfiles desde Postgres completada con ﾃｩxito.
2026-06-30 05:48:50 - [INFO] - Ejecutando operaciﾃｳn Merge JOIN entre streaming y perfiles relacionales...
2026-06-30 05:48:50 - [INFO] - Iniciando auditorﾃｭa y validaciﾃｳn de consistencia de esquemas...
2026-06-30 05:48:50 - [INFO] - Validaciﾃｳn de esquemas aprobada. Conjunto analﾃｭtico ﾃｭntegro.
2026-06-30 05:48:50 - [INFO] - Fase de carga completada con ﾃｩxito. Archivo disponible en: data/data_usuarios.csv
2026-06-30 06:03:49 - [INFO] - Arrancando el pipeline ETL unificado de la plataforma...
2026-06-30 06:03:49 - [INFO] - Extrayendo datos de comportamiento desde data/usuarios_streaming.csv...
2026-06-30 06:03:49 - [INFO] - Conectando al motor PostgreSQL 'crm_clientes'...
2026-06-30 06:03:49 - [INFO] - Extracciﾃｳn de perfiles desde Postgres completada con ﾃｩxito.
2026-06-30 06:03:49 - [INFO] - Ejecutando operaciﾃｳn Merge JOIN entre streaming y perfiles relacionales...
2026-06-30 06:03:49 - [INFO] - Iniciando auditorﾃｭa y validaciﾃｳn de consistencia de esquemas...
2026-06-30 06:03:49 - [INFO] - Validaciﾃｳn de esquemas aprobada. Conjunto analﾃｭtico ﾃｭntegro.
2026-06-30 06:03:49 - [INFO] - Fase de carga completada con ﾃｩxito. Archivo disponible en: data/data_usuarios.csv
2026-06-30 20:30:48 - [INFO] - Arrancando el pipeline ETL unificado de la plataforma...
2026-06-30 20:30:48 - [INFO] - Extrayendo datos de comportamiento desde data/usuarios_streaming.csv...
2026-06-30 20:30:48 - [INFO] - Conectando al motor PostgreSQL 'crm_clientes'...
2026-06-30 20:30:48 - [INFO] - Extracciﾃｳn de perfiles desde Postgres completada con ﾃｩxito.
2026-06-30 20:30:48 - [INFO] - Ejecutando operaciﾃｳn Merge JOIN entre streaming y perfiles relacionales...
2026-06-30 20:30:48 - [INFO] - Iniciando auditorﾃｭa y validaciﾃｳn de consistencia de esquemas...
2026-06-30 20:30:48 - [INFO] - Validaciﾃｳn de esquemas aprobada. Conjunto analﾃｭtico ﾃｭntegro.
2026-06-30 20:30:48 - [INFO] - Fase de carga completada con ﾃｩxito. Archivo disponible en: data/data_usuarios.csv
2026-07-01 17:18:18 - [INFO] - Arrancando el pipeline ETL unificado de la plataforma...
2026-07-01 17:18:18 - [INFO] - Extrayendo datos de comportamiento desde data/usuarios_streaming.csv...
2026-07-01 17:18:18 - [INFO] - Conectando al motor PostgreSQL 'crm_clientes'...
2026-07-01 17:18:18 - [INFO] - Extracciﾃｳn de perfiles desde Postgres completada con ﾃｩxito.
2026-07-01 17:18:18 - [INFO] - Ejecutando operaciﾃｳn Merge JOIN entre streaming y perfiles relacionales...
2026-07-01 17:18:18 - [INFO] - Iniciando auditorﾃｭa y validaciﾃｳn de consistencia de esquemas...
2026-07-01 17:18:18 - [INFO] - Validaciﾃｳn de esquemas aprobada. Conjunto analﾃｭtico ﾃｭntegro.
2026-07-01 17:18:18 - [INFO] - Fase de carga completada con ﾃｩxito. Archivo disponible en: data/data_usuarios.csv
2026-07-10 22:09:16 - [INFO] - Arrancando el pipeline ETL unificado de la plataforma...
2026-07-10 22:09:16 - [INFO] - Extrayendo datos de comportamiento desde data/usuarios_streaming.csv...
2026-07-10 22:09:16 - [INFO] - Conectando al motor PostgreSQL 'crm_clientes'...
2026-07-10 22:09:19 - [CRITICAL] - El Pipeline ETL se ha detenido por un fallo catastrico: (psycopg2.OperationalError) could not translate host name "postgres" to address: Name or service not known

(Background on this error at: https://sqlalche.me/e/20/e3q8)
2026-07-11 02:10:36 - [INFO] - Arrancando el pipeline ETL unificado de la plataforma...
2026-07-11 02:10:36 - [INFO] - Extrayendo datos de comportamiento desde data/usuarios_streaming.csv...
2026-07-11 02:10:36 - [INFO] - Conectando al motor PostgreSQL 'crm_clientes'...
2026-07-11 02:10:36 - [INFO] - Extracciﾃｳn de perfiles desde Postgres completada con ﾃｩxito.
2026-07-11 02:10:36 - [INFO] - Ejecutando operaciﾃｳn Merge JOIN entre streaming y perfiles relacionales...
2026-07-11 02:10:36 - [INFO] - Iniciando auditorﾃｭa y validaciﾃｳn de consistencia de esquemas...
2026-07-11 02:10:36 - [INFO] - Validaciﾃｳn de esquemas aprobada. Conjunto analﾃｭtico ﾃｭntegro.
2026-07-11 02:10:36 - [INFO] - Fase de carga completada con ﾃｩxito. Archivo disponible en: data/data_usuarios.csv
2026-07-10 22:10:40 - [INFO] - Arrancando el pipeline ETL unificado de la plataforma...
2026-07-10 22:10:40 - [INFO] - Extrayendo datos de comportamiento desde data/usuarios_streaming.csv...
2026-07-10 22:10:40 - [INFO] - Conectando al motor PostgreSQL 'crm_clientes'...
2026-07-10 22:10:43 - [CRITICAL] - El Pipeline ETL se ha detenido por un fallo catastrico: (psycopg2.OperationalError) could not translate host name "postgres" to address: Name or service not known

(Background on this error at: https://sqlalche.me/e/20/e3q8)
2026-07-11 02:18:03 - [INFO] - Arrancando el pipeline ETL unificado de la plataforma...
2026-07-11 02:18:03 - [INFO] - Extrayendo datos de comportamiento desde data/usuarios_streaming.csv...
2026-07-11 02:18:03 - [INFO] - Conectando al motor PostgreSQL 'crm_clientes'...
2026-07-11 02:18:04 - [INFO] - Extracciﾃｳn de perfiles desde Postgres completada con ﾃｩxito.
2026-07-11 02:18:04 - [INFO] - Ejecutando operaciﾃｳn Merge JOIN entre streaming y perfiles relacionales...
2026-07-11 02:18:04 - [INFO] - Iniciando auditorﾃｭa y validaciﾃｳn de consistencia de esquemas...
2026-07-11 02:18:04 - [INFO] - Validaciﾃｳn de esquemas aprobada. Conjunto analﾃｭtico ﾃｭntegro.
2026-07-11 02:18:04 - [INFO] - Fase de carga completada con ﾃｩxito. Archivo disponible en: data/data_usuarios.csv
2026-07-10 22:21:40 - [INFO] - Arrancando el pipeline ETL unificado de la plataforma...
2026-07-10 22:21:40 - [INFO] - Extrayendo datos de comportamiento desde data/usuarios_streaming.csv...
2026-07-10 22:21:40 - [INFO] - Conectando al motor PostgreSQL 'crm_clientes'...
2026-07-10 22:21:40 - [CRITICAL] - El Pipeline ETL se ha detenido por un fallo catastrico: 'utf-8' codec can't decode byte 0xf3 in position 85: invalid continuation byte
2026-07-11 02:40:25 - [INFO] - Arrancando el pipeline ETL unificado de la plataforma...
2026-07-11 02:40:25 - [INFO] - Extrayendo datos de comportamiento desde data/usuarios_streaming.csv...
2026-07-11 02:40:25 - [INFO] - Conectando al motor PostgreSQL 'crm_clientes'...
2026-07-11 02:40:25 - [CRITICAL] - El Pipeline ETL se ha detenido por un fallo catastrﾃｳfico: (psycopg2.OperationalError) connection to server at "localhost" (::1), port 5432 failed: Connection refused
	Is the server running on that host and accepting TCP/IP connections?
connection to server at "localhost" (127.0.0.1), port 5432 failed: Connection refused
	Is the server running on that host and accepting TCP/IP connections?

(Background on this error at: https://sqlalche.me/e/20/e3q8)
2026-07-11 02:51:05 - [INFO] - Arrancando el pipeline ETL unificado de la plataforma...
2026-07-11 02:51:05 - [INFO] - Extrayendo datos de comportamiento desde data/usuarios_streaming.csv...
2026-07-11 02:51:05 - [INFO] - Conectando al motor PostgreSQL 'crm_clientes'...
2026-07-11 02:51:05 - [INFO] - Extracciﾃｳn de perfiles desde Postgres completada con ﾃｩxito.
2026-07-11 02:51:05 - [INFO] - Ejecutando operaciﾃｳn Merge JOIN entre streaming y perfiles relacionales...
2026-07-11 02:51:05 - [INFO] - Iniciando auditorﾃｭa y validaciﾃｳn de consistencia de esquemas...
2026-07-11 02:51:05 - [INFO] - Validaciﾃｳn de esquemas aprobada. Conjunto analﾃｭtico ﾃｭntegro.
2026-07-11 02:51:05 - [INFO] - Fase de carga completada con ﾃｩxito. Archivo disponible en: data/data_usuarios.csv
2026-07-11 03:17:42 - [INFO] - Arrancando el pipeline ETL unificado de la plataforma...
2026-07-11 03:17:42 - [INFO] - Extrayendo datos de comportamiento desde data/usuarios_streaming.csv...
2026-07-11 03:17:42 - [INFO] - Conectando al motor PostgreSQL 'crm_clientes'...
2026-07-11 03:17:42 - [INFO] - Extracciﾃｳn de perfiles desde Postgres completada con ﾃｩxito.
2026-07-11 03:17:42 - [INFO] - Ejecutando operaciﾃｳn Merge JOIN entre streaming y perfiles relacionales...
2026-07-11 03:17:42 - [INFO] - Iniciando auditorﾃｭa y validaciﾃｳn de consistencia de esquemas...
2026-07-11 03:17:42 - [INFO] - Validaciﾃｳn de esquemas aprobada. Conjunto analﾃｭtico ﾃｭntegro.
2026-07-11 03:17:42 - [INFO] - Fase de carga completada con ﾃｩxito. Archivo disponible en: data/data_usuarios.csv
2026-07-11 03:25:57 - [INFO] - Arrancando el pipeline ETL unificado de la plataforma...
2026-07-11 03:25:57 - [INFO] - Extrayendo datos de comportamiento desde data/usuarios_streaming.csv...
2026-07-11 03:25:57 - [INFO] - Conectando al motor PostgreSQL 'crm_clientes'...
2026-07-11 03:25:57 - [INFO] - Extracciﾃｳn de perfiles desde Postgres completada con ﾃｩxito.
2026-07-11 03:25:57 - [INFO] - Ejecutando operaciﾃｳn Merge JOIN entre streaming y perfiles relacionales...
2026-07-11 03:25:57 - [INFO] - Iniciando auditorﾃｭa y validaciﾃｳn de consistencia de esquemas...
2026-07-11 03:25:57 - [INFO] - Validaciﾃｳn de esquemas aprobada. Conjunto analﾃｭtico ﾃｭntegro.
2026-07-11 03:25:57 - [INFO] - Fase de carga completada con ﾃｩxito. Archivo disponible en: data/data_usuarios.csv
2026-07-11 04:04:23 - [INFO] - Arrancando el pipeline ETL unificado de la plataforma...
2026-07-11 04:04:23 - [INFO] - Extrayendo datos de comportamiento desde data/usuarios_streaming.csv...
2026-07-11 04:04:23 - [INFO] - Conectando al motor PostgreSQL 'crm_clientes'...
2026-07-11 04:04:23 - [INFO] - Extracciﾃｳn de perfiles desde Postgres completada con ﾃｩxito.
2026-07-11 04:04:23 - [INFO] - Ejecutando operaciﾃｳn Merge JOIN entre streaming y perfiles relacionales...
2026-07-11 04:04:23 - [INFO] - Iniciando auditorﾃｭa y validaciﾃｳn de consistencia de esquemas...
2026-07-11 04:04:23 - [INFO] - Validaciﾃｳn de esquemas aprobada. Conjunto analﾃｭtico ﾃｭntegro.
2026-07-11 04:04:23 - [INFO] - Fase de carga completada con ﾃｩxito. Archivo disponible en: data/data_usuarios.csv
2026-07-12 01:36:50 - [INFO] - Arrancando el pipeline ETL unificado de la plataforma...
2026-07-12 01:36:50 - [INFO] - Extrayendo datos de comportamiento desde data/usuarios_streaming.csv...
2026-07-12 01:36:50 - [INFO] - Conectando al motor PostgreSQL 'crm_clientes'...
2026-07-12 01:36:50 - [INFO] - Extracciﾃｳn de perfiles desde Postgres completada con ﾃｩxito.
2026-07-12 01:36:50 - [INFO] - Ejecutando operaciﾃｳn Merge JOIN entre streaming y perfiles relacionales...
2026-07-12 01:36:50 - [INFO] - Iniciando auditorﾃｭa y validaciﾃｳn de consistencia de esquemas...
2026-07-12 01:36:50 - [INFO] - Validaciﾃｳn de esquemas aprobada. Conjunto analﾃｭtico ﾃｭntegro.
2026-07-12 01:36:50 - [INFO] - Fase de carga completada con ﾃｩxito. Archivo disponible en: data/data_usuarios.csv
2026-07-12 01:42:59 - [INFO] - Arrancando el pipeline ETL unificado de la plataforma...
2026-07-12 01:42:59 - [INFO] - Extrayendo datos de comportamiento desde data/usuarios_streaming.csv...
2026-07-12 01:42:59 - [INFO] - Conectando al motor PostgreSQL 'crm_clientes'...
2026-07-12 01:42:59 - [INFO] - Extracciﾃｳn de perfiles desde Postgres completada con ﾃｩxito.
2026-07-12 01:42:59 - [INFO] - Ejecutando operaciﾃｳn Merge JOIN entre streaming y perfiles relacionales...
2026-07-12 01:42:59 - [INFO] - Iniciando auditorﾃｭa y validaciﾃｳn de consistencia de esquemas...
2026-07-12 01:42:59 - [INFO] - Validaciﾃｳn de esquemas aprobada. Conjunto analﾃｭtico ﾃｭntegro.
2026-07-12 01:42:59 - [INFO] - Fase de carga completada con ﾃｩxito. Archivo disponible en: data/data_usuarios.csv
2026-07-11 22:13:52 - [INFO] - Arrancando el pipeline ETL unificado de la plataforma...
2026-07-11 22:13:52 - [INFO] - Extrayendo datos de comportamiento desde data/usuarios_streaming.csv...
2026-07-11 22:13:52 - [INFO] - Conectando al motor PostgreSQL 'crm_clientes'...
2026-07-11 22:13:52 - [CRITICAL] - El Pipeline ETL se ha detenido por un fallo catastrico: 'utf-8' codec can't decode byte 0xf3 in position 85: invalid continuation byte
2026-07-11 22:14:44 - [INFO] - Arrancando el pipeline ETL unificado de la plataforma...
2026-07-11 22:14:44 - [INFO] - Extrayendo datos de comportamiento desde data/usuarios_streaming.csv...
2026-07-11 22:14:44 - [INFO] - Conectando al motor PostgreSQL 'crm_clientes'...
2026-07-11 22:14:44 - [CRITICAL] - El Pipeline ETL se ha detenido por un fallo catastrico: 'utf-8' codec can't decode byte 0xf3 in position 85: invalid continuation byte
2026-07-11 22:15:25 - [INFO] - Arrancando el pipeline ETL unificado de la plataforma...
2026-07-11 22:15:25 - [INFO] - Extrayendo datos de comportamiento desde data/usuarios_streaming.csv...
2026-07-11 22:15:25 - [INFO] - Conectando al motor PostgreSQL 'crm_clientes'...
2026-07-11 22:15:25 - [CRITICAL] - El Pipeline ETL se ha detenido por un fallo catastrico: 'utf-8' codec can't decode byte 0xf3 in position 85: invalid continuation byte
2026-07-11 22:16:04 - [INFO] - Arrancando el pipeline ETL unificado de la plataforma...
2026-07-11 22:16:04 - [INFO] - Extrayendo datos de comportamiento desde data/usuarios_streaming.csv...
2026-07-11 22:16:04 - [INFO] - Conectando al motor PostgreSQL 'crm_clientes'...
2026-07-11 22:16:04 - [CRITICAL] - El Pipeline ETL se ha detenido por un fallo catastrico: 'utf-8' codec can't decode byte 0xf3 in position 85: invalid continuation byte
